<?xml version="1.0" encoding="UTF-8"?>
<!-- Generated by org.testng.reporters.JUnitReportReporter -->
<testsuite hostname="Aspire-A515-51G" failures="0" tests="1" name="com.java.mmtSkypeReport.tests.TestMMTLandingPage" time="1.072" errors="0" timestamp="16 Sep 2018 14:49:13 GMT" skipped="0">
  <testcase classname="com.java.mmtSkypeReport.tests.TestMMTLandingPage" name="Test_1_Login" time="1.072"/>
</testsuite> <!-- com.java.mmtSkypeReport.tests.TestMMTLandingPage -->
