<?xml version="1.0" encoding="UTF-8"?>
<!-- Generated by org.testng.reporters.JUnitReportReporter -->
<testsuite hostname="Aspire-A515-51G" failures="0" tests="1" name="com.java.mmtSkypeReport.tests.TestSkypeUtil" time="0.012" errors="0" timestamp="16 Sep 2018 13:49:23 GMT" skipped="0">
  <testcase classname="com.java.mmtSkypeReport.tests.TestSkypeUtil" name="Test_1_testSendingASampleMessage" time="0.012"/>
</testsuite> <!-- com.java.mmtSkypeReport.tests.TestSkypeUtil -->
