<?xml version="1.0" encoding="UTF-8"?>
<!-- Generated by org.testng.reporters.JUnitReportReporter -->
<testsuite hostname="Aspire-A515-51G" failures="0" tests="2" name="com.java.mmtSkypeReport.tests.TestHomePage" time="1.021" errors="0" timestamp="16 Sep 2018 17:24:22 GMT" skipped="0">
  <testcase classname="com.java.mmtSkypeReport.tests.TestHomePage" name="Test_3_testClickOnSearch" time="0.144"/>
  <testcase classname="com.java.mmtSkypeReport.tests.TestHomePage" name="Test_2_testSelectFromToDepartAndSearch" time="0.877"/>
</testsuite> <!-- com.java.mmtSkypeReport.tests.TestHomePage -->
