<?xml version="1.0" encoding="UTF-8"?>
<!-- Generated by org.testng.reporters.JUnitReportReporter -->
<testsuite hostname="Aspire-A515-51G" failures="0" tests="1" name="com.java.mmtSkypeReport.tests.TestFlightSelectionPage" time="11.474" errors="0" timestamp="16 Sep 2018 17:45:30 GMT" skipped="0">
  <testcase classname="com.java.mmtSkypeReport.tests.TestFlightSelectionPage" name="Test_4_testClickOnFirstLink" time="11.474"/>
</testsuite> <!-- com.java.mmtSkypeReport.tests.TestFlightSelectionPage -->
